<?xml version="1.0" encoding="UTF-8"?>
<testsuite xmlns:xsi="http://www.w3.org/2001/XMLSchema-instance" xsi:noNamespaceSchemaLocation="https://maven.apache.org/surefire/maven-surefire-plugin/xsd/surefire-test-report-3.0.xsd" version="3.0" name="com.cts.hbs.HotelBookingSystemApplicationTests" time="12.751" tests="1" errors="0" skipped="0" failures="0">
  <properties>
[...]
</properties>
  <testcase name="contextLoads" classname="com.cts.hbs.HotelBookingSystemApplicationTests" time="2.14">
    <system-out><![CDATA[19:58:45.803 [main] INFO org.springframework.test.context.support.AnnotationConfigContextLoaderUtils -- Could not detect default configuration classes for test class [com.cts.hbs.HotelBookingSystemApplicationTests]: HotelBookingSystemApplicationTests does not declare any static, non-private, non-final, nested classes annotated with @Configuration.
19:58:45.975 [main] INFO org.springframework.boot.test.context.SpringBootTestContextBootstrapper -- Found @SpringBootConfiguration com.cts.hbs.HotelBookingSystemApplication for test class com.cts.hbs.HotelBookingSystemApplicationTests
  .   ____          _            __ _ _
 /\\ / ___'_ __ _ _(_)_ __  __ _ \ \ \ \
( ( )\___ | '_ | '_| | '_ \/ _` | \ \ \ \
 \\/  ___)| |_)| | | | | || (_| |  ) ) ) )
  '  |____| .__|_| |_|_| |_\__, | / / / /
 =========|_|==============|___/=/_/_/_/

 :: Spring Boot ::                (v3.3.0)

2024-12-21T19:58:46.880+05:30  INFO 17112 --- [HotelBookingSystemApplication] [           main] c.c.h.HotelBookingSystemApplicationTests : Starting HotelBookingSystemApplicationTests using Java 21.0.4 with PID 17112 (started by 2373180 in C:\Users\2373180\Downloads\phegon-hotel-booking-and-management-react-mysql\phegon-hotel-booking-and-management-react-mysql\backend)
2024-12-21T19:58:46.884+05:30  INFO 17112 --- [HotelBookingSystemApplication] [           main] c.c.h.HotelBookingSystemApplicationTests : No active profile set, falling back to 1 default profile: "default"
2024-12-21T19:58:48.917+05:30  INFO 17112 --- [HotelBookingSystemApplication] [           main] .s.d.r.c.RepositoryConfigurationDelegate : Bootstrapping Spring Data JPA repositories in DEFAULT mode.
2024-12-21T19:58:49.043+05:30  INFO 17112 --- [HotelBookingSystemApplication] [           main] .s.d.r.c.RepositoryConfigurationDelegate : Finished Spring Data repository scanning in 108 ms. Found 3 JPA repository interfaces.
2024-12-21T19:58:50.413+05:30  INFO 17112 --- [HotelBookingSystemApplication] [           main] o.hibernate.jpa.internal.util.LogHelper  : HHH000204: Processing PersistenceUnitInfo [name: default]
2024-12-21T19:58:50.602+05:30  INFO 17112 --- [HotelBookingSystemApplication] [           main] org.hibernate.Version                    : HHH000412: Hibernate ORM core version 6.5.2.Final
2024-12-21T19:58:50.727+05:30  INFO 17112 --- [HotelBookingSystemApplication] [           main] o.h.c.internal.RegionFactoryInitiator    : HHH000026: Second-level cache disabled
2024-12-21T19:58:51.617+05:30  INFO 17112 --- [HotelBookingSystemApplication] [           main] o.s.o.j.p.SpringPersistenceUnitInfo      : No LoadTimeWeaver setup: ignoring JPA class transformer
2024-12-21T19:58:51.676+05:30  INFO 17112 --- [HotelBookingSystemApplication] [           main] com.zaxxer.hikari.HikariDataSource       : HikariPool-1 - Starting...
2024-12-21T19:58:52.113+05:30  INFO 17112 --- [HotelBookingSystemApplication] [           main] com.zaxxer.hikari.pool.HikariPool        : HikariPool-1 - Added connection com.mysql.cj.jdbc.ConnectionImpl@2a65e237
2024-12-21T19:58:52.121+05:30  INFO 17112 --- [HotelBookingSystemApplication] [           main] com.zaxxer.hikari.HikariDataSource       : HikariPool-1 - Start completed.
2024-12-21T19:58:52.193+05:30  WARN 17112 --- [HotelBookingSystemApplication] [           main] org.hibernate.orm.deprecation            : HHH90000025: MySQLDialect does not need to be specified explicitly using 'hibernate.dialect' (remove the property setting and it will be selected by default)
2024-12-21T19:58:53.404+05:30  INFO 17112 --- [HotelBookingSystemApplication] [           main] o.h.e.t.j.p.i.JtaPlatformInitiator       : HHH000489: No JTA platform available (set 'hibernate.transaction.jta.platform' to enable JTA platform integration)
2024-12-21T19:58:53.478+05:30  INFO 17112 --- [HotelBookingSystemApplication] [           main] j.LocalContainerEntityManagerFactoryBean : Initialized JPA EntityManagerFactory for persistence unit 'default'
2024-12-21T19:58:54.102+05:30  INFO 17112 --- [HotelBookingSystemApplication] [           main] eAuthenticationProviderManagerConfigurer : Global AuthenticationManager configured with AuthenticationProvider bean with name authenticationProvider
2024-12-21T19:58:54.103+05:30  WARN 17112 --- [HotelBookingSystemApplication] [           main] r$InitializeUserDetailsManagerConfigurer : Global AuthenticationManager configured with an AuthenticationProvider bean. UserDetailsService beans will not be used for username/password login. Consider removing the AuthenticationProvider bean. Alternatively, consider using the UserDetailsService in a manually instantiated DaoAuthenticationProvider.
2024-12-21T19:58:54.145+05:30  INFO 17112 --- [HotelBookingSystemApplication] [           main] o.s.d.j.r.query.QueryEnhancerFactory     : Hibernate is in classpath; If applicable, HQL parser will be used.
2024-12-21T19:58:54.883+05:30  WARN 17112 --- [HotelBookingSystemApplication] [           main] JpaBaseConfiguration$JpaWebConfiguration : spring.jpa.open-in-view is enabled by default. Therefore, database queries may be performed during view rendering. Explicitly configure spring.jpa.open-in-view to disable this warning
2024-12-21T19:58:55.522+05:30  INFO 17112 --- [HotelBookingSystemApplication] [           main] o.s.s.web.DefaultSecurityFilterChain     : Will secure any request with [org.springframework.security.web.session.DisableEncodeUrlFilter@12a065c5, org.springframework.security.web.context.request.async.WebAsyncManagerIntegrationFilter@6385af63, org.springframework.security.web.context.SecurityContextHolderFilter@3b33b54e, org.springframework.security.web.header.HeaderWriterFilter@6b50017c, org.springframework.web.filter.CorsFilter@53ed864c, org.springframework.security.web.authentication.logout.LogoutFilter@741d2dda, com.cts.hbs.security.JWTAuthFilter@c5c2a84, org.springframework.security.web.savedrequest.RequestCacheAwareFilter@7c9ecd9e, org.springframework.security.web.servletapi.SecurityContextHolderAwareRequestFilter@726615d7, org.springframework.security.web.authentication.AnonymousAuthenticationFilter@29514616, org.springframework.security.web.session.SessionManagementFilter@7aa1e86b, org.springframework.security.web.access.ExceptionTranslationFilter@2b9132ad, org.springframework.security.web.access.intercept.AuthorizationFilter@6ab36cee]
2024-12-21T19:58:56.036+05:30  INFO 17112 --- [HotelBookingSystemApplication] [           main] c.c.h.HotelBookingSystemApplicationTests : Started HotelBookingSystemApplicationTests in 9.746 seconds (process running for 11.504)
]]></system-out>
    <system-err><![CDATA[WARNING: A Java agent has been loaded dynamically (C:\Users\2373180\.m2\repository\net\bytebuddy\byte-buddy-agent\1.14.16\byte-buddy-agent-1.14.16.jar)
WARNING: If a serviceability tool is in use, please run with -XX:+EnableDynamicAgentLoading to hide this warning
WARNING: If a serviceability tool is not in use, please run with -Djdk.instrument.traceUsage for more information
WARNING: Dynamic loading of agents will be disallowed by default in a future release
]]></system-err>
  </testcase>
</testsuite>